<?xml version="1.0" encoding="UTF-8"?>
<testng-results skipped="0" failed="0" ignored="0" total="1" passed="1">
  <reporter-output>
  </reporter-output>
  <suite name="Default suite" duration-ms="2288" started-at="2020-10-06T09:05:17Z" finished-at="2020-10-06T09:05:19Z">
    <groups>
    </groups>
    <test name="Default test" duration-ms="2288" started-at="2020-10-06T09:05:17Z" finished-at="2020-10-06T09:05:19Z">
      <class name="com.qa.test.PostApiTest">
        <test-method status="PASS" signature="setUp()[pri:0, instance:com.qa.test.PostApiTest@548b7f67]" name="setUp" is-config="true" duration-ms="8" started-at="2020-10-06T14:35:17Z" finished-at="2020-10-06T14:35:17Z">
          <reporter-output>
          </reporter-output>
        </test-method> <!-- setUp -->
        <test-method status="PASS" signature="postApiTest()[pri:0, instance:com.qa.test.PostApiTest@548b7f67]" name="postApiTest" duration-ms="2248" started-at="2020-10-06T14:35:17Z" finished-at="2020-10-06T14:35:19Z">
          <reporter-output>
          </reporter-output>
        </test-method> <!-- postApiTest -->
      </class> <!-- com.qa.test.PostApiTest -->
    </test> <!-- Default test -->
  </suite> <!-- Default suite -->
</testng-results>
