<?xml version="1.0" encoding="UTF-8"?>
<!-- Generated by org.testng.reporters.JUnitXMLReporter -->
<testsuite hostname="DESKTOP-SK5IA9L" ignored="0" name="Default test(failed)" tests="1" failures="1" timestamp="24 May 2020 10:10:36 GMT" time="1.591" errors="0">
  <testcase name="restApiTest" time="1.538" classname="com.qa.test.TestRestApi">
    <failure type="org.json.JSONException" message="A JSONObject text must begin with &amp;apos;{&amp;apos; at 1 [character 2 line 1]">
      <![CDATA[org.json.JSONException: A JSONObject text must begin with '{' at 1 [character 2 line 1]
	at org.json.JSONTokener.syntaxError(JSONTokener.java:507)
	at org.json.JSONObject.<init>(JSONObject.java:222)
	at org.json.JSONObject.<init>(JSONObject.java:406)
	at com.qa.client.RestClient.get(RestClient.java:29)
	at com.qa.test.TestRestApi.restApiTest(TestRestApi.java:32)
... Removed 25 stack frames]]>
    </failure>
  </testcase> <!-- restApiTest -->
</testsuite> <!-- Default test(failed) -->
